{"C:\\Users\\Casper\\Desktop\\4.Sınıf 2.Dönem\\WebProgramlama2Odev\\1030516486_BS436_WebProgramlama\\odev02\\src\\index.js": {"path":"C:\\Users\\Casper\\Desktop\\4.Sınıf 2.Dönem\\WebProgramlama2Odev\\1030516486_BS436_WebProgramlama\\odev02\\src\\index.js","statementMap":{"0":{"start":{"line":1,"column":21},"end":{"line":5,"column":1}},"1":{"start":{"line":7,"column":12},"end":{"line":7,"column":13}},"2":{"start":{"line":13,"column":23},"end":{"line":29,"column":1}},"3":{"start":{"line":14,"column":0},"end":{"line":28,"column":1}},"4":{"start":{"line":15,"column":16},"end":{"line":15,"column":61}},"5":{"start":{"line":16,"column":4},"end":{"line":18,"column":5}},"6":{"start":{"line":17,"column":8},"end":{"line":17,"column":46}},"7":{"start":{"line":19,"column":18},"end":{"line":19,"column":37}},"8":{"start":{"line":20,"column":4},"end":{"line":20,"column":24}},"9":{"start":{"line":21,"column":4},"end":{"line":21,"column":53}},"10":{"start":{"line":22,"column":4},"end":{"line":24,"column":5}},"11":{"start":{"line":23,"column":8},"end":{"line":23,"column":206}},"12":{"start":{"line":25,"column":4},"end":{"line":25,"column":13}},"13":{"start":{"line":27,"column":4},"end":{"line":27,"column":186}},"14":{"start":{"line":31,"column":24},"end":{"line":48,"column":1}},"15":{"start":{"line":32,"column":0},"end":{"line":47,"column":1}},"16":{"start":{"line":33,"column":17},"end":{"line":33,"column":62}},"17":{"start":{"line":34,"column":4},"end":{"line":36,"column":5}},"18":{"start":{"line":35,"column":8},"end":{"line":35,"column":48}},"19":{"start":{"line":37,"column":19},"end":{"line":37,"column":39}},"20":{"start":{"line":38,"column":4},"end":{"line":38,"column":25}},"21":{"start":{"line":40,"column":4},"end":{"line":40,"column":55}},"22":{"start":{"line":41,"column":4},"end":{"line":43,"column":5}},"23":{"start":{"line":42,"column":8},"end":{"line":42,"column":206}},"24":{"start":{"line":44,"column":4},"end":{"line":44,"column":13}},"25":{"start":{"line":46,"column":4},"end":{"line":46,"column":186}},"26":{"start":{"line":50,"column":24},"end":{"line":66,"column":1}},"27":{"start":{"line":51,"column":0},"end":{"line":65,"column":1}},"28":{"start":{"line":52,"column":17},"end":{"line":52,"column":62}},"29":{"start":{"line":53,"column":4},"end":{"line":55,"column":5}},"30":{"start":{"line":54,"column":8},"end":{"line":54,"column":48}},"31":{"start":{"line":56,"column":19},"end":{"line":56,"column":39}},"32":{"start":{"line":57,"column":4},"end":{"line":57,"column":25}},"33":{"start":{"line":58,"column":4},"end":{"line":58,"column":55}},"34":{"start":{"line":59,"column":4},"end":{"line":61,"column":5}},"35":{"start":{"line":60,"column":8},"end":{"line":60,"column":206}},"36":{"start":{"line":62,"column":4},"end":{"line":62,"column":13}},"37":{"start":{"line":64,"column":4},"end":{"line":64,"column":186}}},"fnMap":{"0":{"name":"(anonymous_0)","decl":{"start":{"line":13,"column":23},"end":{"line":13,"column":24}},"loc":{"start":{"line":13,"column":29},"end":{"line":29,"column":1}},"line":13},"1":{"name":"(anonymous_1)","decl":{"start":{"line":31,"column":24},"end":{"line":31,"column":25}},"loc":{"start":{"line":31,"column":30},"end":{"line":48,"column":1}},"line":31},"2":{"name":"(anonymous_2)","decl":{"start":{"line":50,"column":24},"end":{"line":50,"column":25}},"loc":{"start":{"line":50,"column":30},"end":{"line":66,"column":1}},"line":50}},"branchMap":{"0":{"loc":{"start":{"line":14,"column":0},"end":{"line":28,"column":1}},"type":"if","locations":[{"start":{"line":14,"column":0},"end":{"line":28,"column":1}},{"start":{"line":14,"column":0},"end":{"line":28,"column":1}}],"line":14},"1":{"loc":{"start":{"line":16,"column":4},"end":{"line":18,"column":5}},"type":"if","locations":[{"start":{"line":16,"column":4},"end":{"line":18,"column":5}},{"start":{"line":16,"column":4},"end":{"line":18,"column":5}}],"line":16},"2":{"loc":{"start":{"line":22,"column":4},"end":{"line":24,"column":5}},"type":"if","locations":[{"start":{"line":22,"column":4},"end":{"line":24,"column":5}},{"start":{"line":22,"column":4},"end":{"line":24,"column":5}}],"line":22},"3":{"loc":{"start":{"line":32,"column":0},"end":{"line":47,"column":1}},"type":"if","locations":[{"start":{"line":32,"column":0},"end":{"line":47,"column":1}},{"start":{"line":32,"column":0},"end":{"line":47,"column":1}}],"line":32},"4":{"loc":{"start":{"line":34,"column":4},"end":{"line":36,"column":5}},"type":"if","locations":[{"start":{"line":34,"column":4},"end":{"line":36,"column":5}},{"start":{"line":34,"column":4},"end":{"line":36,"column":5}}],"line":34},"5":{"loc":{"start":{"line":41,"column":4},"end":{"line":43,"column":5}},"type":"if","locations":[{"start":{"line":41,"column":4},"end":{"line":43,"column":5}},{"start":{"line":41,"column":4},"end":{"line":43,"column":5}}],"line":41},"6":{"loc":{"start":{"line":51,"column":0},"end":{"line":65,"column":1}},"type":"if","locations":[{"start":{"line":51,"column":0},"end":{"line":65,"column":1}},{"start":{"line":51,"column":0},"end":{"line":65,"column":1}}],"line":51},"7":{"loc":{"start":{"line":53,"column":4},"end":{"line":55,"column":5}},"type":"if","locations":[{"start":{"line":53,"column":4},"end":{"line":55,"column":5}},{"start":{"line":53,"column":4},"end":{"line":55,"column":5}}],"line":53},"8":{"loc":{"start":{"line":59,"column":4},"end":{"line":61,"column":5}},"type":"if","locations":[{"start":{"line":59,"column":4},"end":{"line":61,"column":5}},{"start":{"line":59,"column":4},"end":{"line":61,"column":5}}],"line":59}},"s":{"0":0,"1":0,"2":0,"3":0,"4":0,"5":0,"6":0,"7":0,"8":0,"9":0,"10":0,"11":0,"12":0,"13":0,"14":0,"15":0,"16":0,"17":0,"18":0,"19":0,"20":0,"21":0,"22":0,"23":0,"24":0,"25":0,"26":0,"27":0,"28":0,"29":0,"30":0,"31":0,"32":0,"33":0,"34":0,"35":0,"36":0,"37":0},"f":{"0":0,"1":0,"2":0},"b":{"0":[0,0],"1":[0,0],"2":[0,0],"3":[0,0],"4":[0,0],"5":[0,0],"6":[0,0],"7":[0,0],"8":[0,0]}}
}
