<?xml version="1.0" encoding="UTF-8"?>
<coverage generated="1617130180161" clover="3.2.0">
  <project timestamp="1617130180162" name="All files">
    <metrics statements="28" coveredstatements="23" conditionals="18" coveredconditionals="15" methods="8" coveredmethods="6" elements="54" coveredelements="44" complexity="0" loc="28" ncloc="28" packages="1" files="2" classes="2"/>
    <file name="Game.jsx" path="C:\Users\Casper\Desktop\4.Sınıf 2.Dönem\WebProgramlama2Odev\1030516486_BS436_WebProgramlama\odev04\src\Game.jsx">
      <metrics statements="26" coveredstatements="23" conditionals="18" coveredconditionals="15" methods="7" coveredmethods="6"/>
      <line num="5" count="5" type="stmt"/>
      <line num="6" count="5" type="stmt"/>
      <line num="15" count="5" type="stmt"/>
      <line num="16" count="5" type="stmt"/>
      <line num="17" count="5" type="stmt"/>
      <line num="23" count="5" type="cond" truecount="2" falsecount="0"/>
      <line num="24" count="4" type="stmt"/>
      <line num="27" count="4" type="cond" truecount="1" falsecount="1"/>
      <line num="28" count="0" type="stmt"/>
      <line num="29" count="0" type="stmt"/>
      <line num="31" count="4" type="cond" truecount="1" falsecount="1"/>
      <line num="32" count="4" type="cond" truecount="2" falsecount="0"/>
      <line num="33" count="1" type="stmt"/>
      <line num="36" count="4" type="cond" truecount="1" falsecount="1"/>
      <line num="37" count="4" type="cond" truecount="2" falsecount="0"/>
      <line num="38" count="1" type="stmt"/>
      <line num="42" count="4" type="stmt"/>
      <line num="48" count="4" type="cond" truecount="2" falsecount="0"/>
      <line num="49" count="1" type="stmt"/>
      <line num="58" count="5" type="stmt"/>
      <line num="59" count="0" type="stmt"/>
      <line num="69" count="9" type="stmt"/>
      <line num="70" count="9" type="stmt"/>
      <line num="76" count="1" type="stmt"/>
      <line num="77" count="1" type="stmt"/>
      <line num="78" count="3" type="stmt"/>
    </file>
    <file name="index.jsx" path="C:\Users\Casper\Desktop\4.Sınıf 2.Dönem\WebProgramlama2Odev\1030516486_BS436_WebProgramlama\odev04\src\index.jsx">
      <metrics statements="2" coveredstatements="0" conditionals="0" coveredconditionals="0" methods="1" coveredmethods="0"/>
      <line num="8" count="0" type="stmt"/>
      <line num="14" count="0" type="stmt"/>
    </file>
  </project>
</coverage>
