{"C:\\Users\\Casper\\Desktop\\4.Sınıf 2.Dönem\\WebProgramlama2Odev\\1030516486_BS436_WebProgramlama\\odev04\\src\\Game.jsx": {"path":"C:\\Users\\Casper\\Desktop\\4.Sınıf 2.Dönem\\WebProgramlama2Odev\\1030516486_BS436_WebProgramlama\\odev04\\src\\Game.jsx","statementMap":{"0":{"start":{"line":5,"column":8},"end":{"line":5,"column":21}},"1":{"start":{"line":6,"column":8},"end":{"line":12,"column":10}},"2":{"start":{"line":15,"column":18},"end":{"line":56,"column":7}},"3":{"start":{"line":16,"column":45},"end":{"line":16,"column":55}},"4":{"start":{"line":17,"column":29},"end":{"line":21,"column":9}},"5":{"start":{"line":23,"column":8},"end":{"line":54,"column":9}},"6":{"start":{"line":24,"column":25},"end":{"line":24,"column":34}},"7":{"start":{"line":27,"column":12},"end":{"line":41,"column":13}},"8":{"start":{"line":28,"column":16},"end":{"line":28,"column":41}},"9":{"start":{"line":29,"column":16},"end":{"line":29,"column":54}},"10":{"start":{"line":31,"column":16},"end":{"line":35,"column":17}},"11":{"start":{"line":32,"column":20},"end":{"line":34,"column":21}},"12":{"start":{"line":33,"column":24},"end":{"line":33,"column":46}},"13":{"start":{"line":36,"column":16},"end":{"line":40,"column":17}},"14":{"start":{"line":37,"column":20},"end":{"line":39,"column":21}},"15":{"start":{"line":38,"column":24},"end":{"line":38,"column":46}},"16":{"start":{"line":42,"column":12},"end":{"line":46,"column":15}},"17":{"start":{"line":48,"column":12},"end":{"line":52,"column":13}},"18":{"start":{"line":49,"column":16},"end":{"line":51,"column":18}},"19":{"start":{"line":58,"column":18},"end":{"line":66,"column":9}},"20":{"start":{"line":59,"column":12},"end":{"line":65,"column":14}},"21":{"start":{"line":69,"column":32},"end":{"line":69,"column":42}},"22":{"start":{"line":70,"column":8},"end":{"line":86,"column":10}},"23":{"start":{"line":76,"column":62},"end":{"line":76,"column":79}},"24":{"start":{"line":77,"column":62},"end":{"line":77,"column":79}},"25":{"start":{"line":78,"column":62},"end":{"line":78,"column":79}}},"fnMap":{"0":{"name":"(anonymous_0)","decl":{"start":{"line":4,"column":4},"end":{"line":4,"column":5}},"loc":{"start":{"line":4,"column":23},"end":{"line":13,"column":7}},"line":4},"1":{"name":"(anonymous_1)","decl":{"start":{"line":15,"column":18},"end":{"line":15,"column":19}},"loc":{"start":{"line":15,"column":30},"end":{"line":56,"column":7}},"line":15},"2":{"name":"(anonymous_2)","decl":{"start":{"line":58,"column":18},"end":{"line":58,"column":19}},"loc":{"start":{"line":58,"column":23},"end":{"line":66,"column":9}},"line":58},"3":{"name":"(anonymous_3)","decl":{"start":{"line":68,"column":6},"end":{"line":68,"column":7}},"loc":{"start":{"line":68,"column":15},"end":{"line":87,"column":7}},"line":68},"4":{"name":"(anonymous_4)","decl":{"start":{"line":76,"column":57},"end":{"line":76,"column":58}},"loc":{"start":{"line":76,"column":61},"end":{"line":76,"column":80}},"line":76},"5":{"name":"(anonymous_5)","decl":{"start":{"line":77,"column":57},"end":{"line":77,"column":58}},"loc":{"start":{"line":77,"column":61},"end":{"line":77,"column":80}},"line":77},"6":{"name":"(anonymous_6)","decl":{"start":{"line":78,"column":57},"end":{"line":78,"column":58}},"loc":{"start":{"line":78,"column":61},"end":{"line":78,"column":80}},"line":78}},"branchMap":{"0":{"loc":{"start":{"line":23,"column":8},"end":{"line":54,"column":9}},"type":"if","locations":[{"start":{"line":23,"column":8},"end":{"line":54,"column":9}},{"start":{"line":23,"column":8},"end":{"line":54,"column":9}}],"line":23},"1":{"loc":{"start":{"line":27,"column":12},"end":{"line":41,"column":13}},"type":"if","locations":[{"start":{"line":27,"column":12},"end":{"line":41,"column":13}},{"start":{"line":27,"column":12},"end":{"line":41,"column":13}}],"line":27},"2":{"loc":{"start":{"line":31,"column":16},"end":{"line":35,"column":17}},"type":"if","locations":[{"start":{"line":31,"column":16},"end":{"line":35,"column":17}},{"start":{"line":31,"column":16},"end":{"line":35,"column":17}}],"line":31},"3":{"loc":{"start":{"line":32,"column":20},"end":{"line":34,"column":21}},"type":"if","locations":[{"start":{"line":32,"column":20},"end":{"line":34,"column":21}},{"start":{"line":32,"column":20},"end":{"line":34,"column":21}}],"line":32},"4":{"loc":{"start":{"line":36,"column":16},"end":{"line":40,"column":17}},"type":"if","locations":[{"start":{"line":36,"column":16},"end":{"line":40,"column":17}},{"start":{"line":36,"column":16},"end":{"line":40,"column":17}}],"line":36},"5":{"loc":{"start":{"line":37,"column":20},"end":{"line":39,"column":21}},"type":"if","locations":[{"start":{"line":37,"column":20},"end":{"line":39,"column":21}},{"start":{"line":37,"column":20},"end":{"line":39,"column":21}}],"line":37},"6":{"loc":{"start":{"line":48,"column":12},"end":{"line":52,"column":13}},"type":"if","locations":[{"start":{"line":48,"column":12},"end":{"line":52,"column":13}},{"start":{"line":48,"column":12},"end":{"line":52,"column":13}}],"line":48},"7":{"loc":{"start":{"line":80,"column":16},"end":{"line":80,"column":83}},"type":"cond-expr","locations":[{"start":{"line":80,"column":22},"end":{"line":80,"column":27}},{"start":{"line":80,"column":28},"end":{"line":80,"column":83}}],"line":80},"8":{"loc":{"start":{"line":81,"column":13},"end":{"line":83,"column":16}},"type":"binary-expr","locations":[{"start":{"line":81,"column":13},"end":{"line":81,"column":18}},{"start":{"line":81,"column":22},"end":{"line":83,"column":16}}],"line":81}},"s":{"0":5,"1":5,"2":5,"3":5,"4":5,"5":5,"6":4,"7":4,"8":0,"9":0,"10":4,"11":4,"12":1,"13":4,"14":4,"15":1,"16":4,"17":4,"18":1,"19":5,"20":0,"21":9,"22":9,"23":1,"24":1,"25":3},"f":{"0":5,"1":5,"2":0,"3":9,"4":1,"5":1,"6":3},"b":{"0":[4,1],"1":[0,4],"2":[4,0],"3":[1,3],"4":[4,0],"5":[1,3],"6":[1,3],"7":[1,8],"8":[9,1]},"_coverageSchema":"1a1c01bbd47fc00a2c39e90264f33305004495a9","hash":"fd2cbe38bb9f757290d92084a64f402f1ac2b0ef"}
,"C:\\Users\\Casper\\Desktop\\4.Sınıf 2.Dönem\\WebProgramlama2Odev\\1030516486_BS436_WebProgramlama\\odev04\\src\\index.jsx": {"path":"C:\\Users\\Casper\\Desktop\\4.Sınıf 2.Dönem\\WebProgramlama2Odev\\1030516486_BS436_WebProgramlama\\odev04\\src\\index.jsx","statementMap":{"0":{"start":{"line":8,"column":6},"end":{"line":10,"column":14}},"1":{"start":{"line":14,"column":0},"end":{"line":14,"column":58}}},"fnMap":{"0":{"name":"(anonymous_0)","decl":{"start":{"line":7,"column":2},"end":{"line":7,"column":3}},"loc":{"start":{"line":7,"column":10},"end":{"line":11,"column":3}},"line":7}},"branchMap":{},"s":{"0":0,"1":0},"f":{"0":0},"b":{}}
}
