TN:
SF:src\Game.jsx
FN:4,(anonymous_0)
FN:15,(anonymous_1)
FN:58,(anonymous_2)
FN:68,(anonymous_3)
FN:76,(anonymous_4)
FN:77,(anonymous_5)
FN:78,(anonymous_6)
FNF:7
FNH:6
FNDA:5,(anonymous_0)
FNDA:5,(anonymous_1)
FNDA:0,(anonymous_2)
FNDA:9,(anonymous_3)
FNDA:1,(anonymous_4)
FNDA:1,(anonymous_5)
FNDA:3,(anonymous_6)
DA:5,5
DA:6,5
DA:15,5
DA:16,5
DA:17,5
DA:23,5
DA:24,4
DA:27,4
DA:28,0
DA:29,0
DA:31,4
DA:32,4
DA:33,1
DA:36,4
DA:37,4
DA:38,1
DA:42,4
DA:48,4
DA:49,1
DA:58,5
DA:59,0
DA:69,9
DA:70,9
DA:76,1
DA:77,1
DA:78,3
LF:26
LH:23
BRDA:23,0,0,4
BRDA:23,0,1,1
BRDA:27,1,0,0
BRDA:27,1,1,4
BRDA:31,2,0,4
BRDA:31,2,1,0
BRDA:32,3,0,1
BRDA:32,3,1,3
BRDA:36,4,0,4
BRDA:36,4,1,0
BRDA:37,5,0,1
BRDA:37,5,1,3
BRDA:48,6,0,1
BRDA:48,6,1,3
BRDA:80,7,0,1
BRDA:80,7,1,8
BRDA:81,8,0,9
BRDA:81,8,1,1
BRF:18
BRH:15
end_of_record
TN:
SF:src\index.jsx
FN:7,(anonymous_0)
FNF:1
FNH:0
FNDA:0,(anonymous_0)
DA:8,0
DA:14,0
LF:2
LH:0
BRF:0
BRH:0
end_of_record
